NOTE: Picked up JDK_JAVA_OPTIONS:  --add-opens=java.base/java.lang=ALL-UNNAMED --add-opens=java.base/java.io=ALL-UNNAMED --add-opens=java.base/java.util=ALL-UNNAMED --add-opens=java.base/java.util.concurrent=ALL-UNNAMED --add-opens=java.rmi/sun.rmi.transport=ALL-UNNAMED
28-Mar-2024 10:23:22.477 情報 [main] org.apache.catalina.startup.VersionLoggerListener.log Serverのバージョン名:     Apache Tomcat/9.0.65
28-Mar-2024 10:23:22.496 情報 [main] org.apache.catalina.startup.VersionLoggerListener.log Server ビルド:            Jul 14 2022 12:28:53 UTC
28-Mar-2024 10:23:22.496 情報 [main] org.apache.catalina.startup.VersionLoggerListener.log サーバーのバージョン番号: 9.0.65.0
28-Mar-2024 10:23:22.496 情報 [main] org.apache.catalina.startup.VersionLoggerListener.log OS 名:                    Mac OS X
28-Mar-2024 10:23:22.497 情報 [main] org.apache.catalina.startup.VersionLoggerListener.log OS バージョン:            14.2.1
28-Mar-2024 10:23:22.498 情報 [main] org.apache.catalina.startup.VersionLoggerListener.log アーキテクチャ:           x86_64
28-Mar-2024 10:23:22.498 情報 [main] org.apache.catalina.startup.VersionLoggerListener.log Java Home:                /Library/Java/JavaVirtualMachines/jdk-21.jdk/Contents/Home
28-Mar-2024 10:23:22.499 情報 [main] org.apache.catalina.startup.VersionLoggerListener.log JVM バージョン:           21.0.2+13-LTS-58
28-Mar-2024 10:23:22.500 情報 [main] org.apache.catalina.startup.VersionLoggerListener.log JVM ベンダ:               Oracle Corporation
28-Mar-2024 10:23:22.500 情報 [main] org.apache.catalina.startup.VersionLoggerListener.log CATALINA_BASE:            /Users/user/Documents/apache-tomcat-9.0.65
28-Mar-2024 10:23:22.501 情報 [main] org.apache.catalina.startup.VersionLoggerListener.log CATALINA_HOME:            /Users/user/Documents/apache-tomcat-9.0.65
28-Mar-2024 10:23:22.764 情報 [main] org.apache.catalina.startup.VersionLoggerListener.log コマンドライン引数:       --add-opens=java.base/java.lang=ALL-UNNAMED
28-Mar-2024 10:23:22.765 情報 [main] org.apache.catalina.startup.VersionLoggerListener.log コマンドライン引数:       --add-opens=java.base/java.io=ALL-UNNAMED
28-Mar-2024 10:23:22.765 情報 [main] org.apache.catalina.startup.VersionLoggerListener.log コマンドライン引数:       --add-opens=java.base/java.util=ALL-UNNAMED
28-Mar-2024 10:23:22.766 情報 [main] org.apache.catalina.startup.VersionLoggerListener.log コマンドライン引数:       --add-opens=java.base/java.util.concurrent=ALL-UNNAMED
28-Mar-2024 10:23:22.769 情報 [main] org.apache.catalina.startup.VersionLoggerListener.log コマンドライン引数:       --add-opens=java.rmi/sun.rmi.transport=ALL-UNNAMED
28-Mar-2024 10:23:22.770 情報 [main] org.apache.catalina.startup.VersionLoggerListener.log コマンドライン引数:       -Djava.util.logging.config.file=/Users/user/Documents/apache-tomcat-9.0.65/conf/logging.properties
28-Mar-2024 10:23:22.772 情報 [main] org.apache.catalina.startup.VersionLoggerListener.log コマンドライン引数:       -Djava.util.logging.manager=org.apache.juli.ClassLoaderLogManager
28-Mar-2024 10:23:22.775 情報 [main] org.apache.catalina.startup.VersionLoggerListener.log コマンドライン引数:       -Djdk.tls.ephemeralDHKeySize=2048
28-Mar-2024 10:23:22.776 情報 [main] org.apache.catalina.startup.VersionLoggerListener.log コマンドライン引数:       -Djava.protocol.handler.pkgs=org.apache.catalina.webresources
28-Mar-2024 10:23:22.777 情報 [main] org.apache.catalina.startup.VersionLoggerListener.log コマンドライン引数:       -Dorg.apache.catalina.security.SecurityListener.UMASK=0027
28-Mar-2024 10:23:22.777 情報 [main] org.apache.catalina.startup.VersionLoggerListener.log コマンドライン引数:       -Dignore.endorsed.dirs=
28-Mar-2024 10:23:22.777 情報 [main] org.apache.catalina.startup.VersionLoggerListener.log コマンドライン引数:       -Dcatalina.base=/Users/user/Documents/apache-tomcat-9.0.65
28-Mar-2024 10:23:22.778 情報 [main] org.apache.catalina.startup.VersionLoggerListener.log コマンドライン引数:       -Dcatalina.home=/Users/user/Documents/apache-tomcat-9.0.65
28-Mar-2024 10:23:22.778 情報 [main] org.apache.catalina.startup.VersionLoggerListener.log コマンドライン引数:       -Djava.io.tmpdir=/Users/user/Documents/apache-tomcat-9.0.65/temp
28-Mar-2024 10:23:22.814 情報 [main] org.apache.catalina.core.AprLifecycleListener.lifecycleEvent 商用環境に最適な性能を発揮する APR ベースの Tomcat ネイティブライブラリが java.library.path [/Users/user/Library/Java/Extensions:/Library/Java/Extensions:/Network/Library/Java/Extensions:/System/Library/Java/Extensions:/usr/lib/java:.] に存在しません。
28-Mar-2024 10:23:23.762 情報 [main] org.apache.coyote.AbstractProtocol.init プロトコルハンドラ ["http-nio-8080"] を初期化します。
28-Mar-2024 10:23:23.891 情報 [main] org.apache.catalina.startup.Catalina.load サーバーの初期化 [2186]ms
28-Mar-2024 10:23:23.983 情報 [main] org.apache.catalina.core.StandardService.startInternal サービス [Catalina] を起動します
28-Mar-2024 10:23:23.984 情報 [main] org.apache.catalina.core.StandardEngine.startInternal サーブレットエンジンの起動：[Apache Tomcat/9.0.65]
28-Mar-2024 10:23:23.997 情報 [main] org.apache.catalina.startup.HostConfig.deployDirectory Webアプリケーションディレクトリ [/Users/user/Documents/apache-tomcat-9.0.65/webapps/docs] を配備します
28-Mar-2024 10:23:24.693 情報 [main] org.apache.catalina.startup.HostConfig.deployDirectory ディレクトリ [/Users/user/Documents/apache-tomcat-9.0.65/webapps/docs] の Web アプリケーションの配備は [688] ms で完了しました。
28-Mar-2024 10:23:24.694 情報 [main] org.apache.catalina.startup.HostConfig.deployDirectory Webアプリケーションディレクトリ [/Users/user/Documents/apache-tomcat-9.0.65/webapps/manager] を配備します
28-Mar-2024 10:23:24.827 情報 [main] org.apache.catalina.startup.HostConfig.deployDirectory ディレクトリ [/Users/user/Documents/apache-tomcat-9.0.65/webapps/manager] の Web アプリケーションの配備は [132] ms で完了しました。
28-Mar-2024 10:23:24.828 情報 [main] org.apache.catalina.startup.HostConfig.deployDirectory Webアプリケーションディレクトリ [/Users/user/Documents/apache-tomcat-9.0.65/webapps/examples] を配備します
28-Mar-2024 10:23:25.813 情報 [main] org.apache.catalina.startup.HostConfig.deployDirectory ディレクトリ [/Users/user/Documents/apache-tomcat-9.0.65/webapps/examples] の Web アプリケーションの配備は [985] ms で完了しました。
28-Mar-2024 10:23:25.814 情報 [main] org.apache.catalina.startup.HostConfig.deployDirectory Webアプリケーションディレクトリ [/Users/user/Documents/apache-tomcat-9.0.65/webapps/ROOT] を配備します
28-Mar-2024 10:23:25.909 情報 [main] org.apache.catalina.startup.HostConfig.deployDirectory ディレクトリ [/Users/user/Documents/apache-tomcat-9.0.65/webapps/ROOT] の Web アプリケーションの配備は [95] ms で完了しました。
28-Mar-2024 10:23:25.911 情報 [main] org.apache.catalina.startup.HostConfig.deployDirectory Webアプリケーションディレクトリ [/Users/user/Documents/apache-tomcat-9.0.65/webapps/host-manager] を配備します
28-Mar-2024 10:23:25.971 情報 [main] org.apache.catalina.startup.HostConfig.deployDirectory ディレクトリ [/Users/user/Documents/apache-tomcat-9.0.65/webapps/host-manager] の Web アプリケーションの配備は [62] ms で完了しました。
28-Mar-2024 10:23:25.981 情報 [main] org.apache.coyote.AbstractProtocol.start プロトコルハンドラー ["http-nio-8080"] を開始しました。
28-Mar-2024 10:23:26.024 情報 [main] org.apache.catalina.startup.Catalina.start サーバーの起動 [2129]ms
28-Mar-2024 10:24:12.994 情報 [main] org.apache.catalina.core.StandardServer.await 有効なシャットダウンコマンドがシャットダウンポート経由で受信されました。 サーバーインスタンスを停止します。
28-Mar-2024 10:24:13.003 情報 [main] org.apache.coyote.AbstractProtocol.pause ProtocolHandler ["http-nio-8080"] を一時停止します。
28-Mar-2024 10:24:13.011 情報 [main] org.apache.catalina.core.StandardService.stopInternal サービス [Catalina] を停止します
28-Mar-2024 10:24:13.042 情報 [main] org.apache.coyote.AbstractProtocol.stop ProtocolHandler ["http-nio-8080"]の停止中
28-Mar-2024 10:24:13.048 情報 [main] org.apache.coyote.AbstractProtocol.destroy ProtocolHandler ["http-nio-8080"] を破棄します。
NOTE: Picked up JDK_JAVA_OPTIONS:  --add-opens=java.base/java.lang=ALL-UNNAMED --add-opens=java.base/java.io=ALL-UNNAMED --add-opens=java.base/java.util=ALL-UNNAMED --add-opens=java.base/java.util.concurrent=ALL-UNNAMED --add-opens=java.rmi/sun.rmi.transport=ALL-UNNAMED
28-Mar-2024 10:33:42.418 情報 [main] org.apache.catalina.startup.VersionLoggerListener.log Serverのバージョン名:     Apache Tomcat/9.0.65
28-Mar-2024 10:33:42.426 情報 [main] org.apache.catalina.startup.VersionLoggerListener.log Server ビルド:            Jul 14 2022 12:28:53 UTC
28-Mar-2024 10:33:42.426 情報 [main] org.apache.catalina.startup.VersionLoggerListener.log サーバーのバージョン番号: 9.0.65.0
28-Mar-2024 10:33:42.426 情報 [main] org.apache.catalina.startup.VersionLoggerListener.log OS 名:                    Mac OS X
28-Mar-2024 10:33:42.427 情報 [main] org.apache.catalina.startup.VersionLoggerListener.log OS バージョン:            14.2.1
28-Mar-2024 10:33:42.427 情報 [main] org.apache.catalina.startup.VersionLoggerListener.log アーキテクチャ:           x86_64
28-Mar-2024 10:33:42.427 情報 [main] org.apache.catalina.startup.VersionLoggerListener.log Java Home:                /Library/Java/JavaVirtualMachines/jdk-21.jdk/Contents/Home
28-Mar-2024 10:33:42.428 情報 [main] org.apache.catalina.startup.VersionLoggerListener.log JVM バージョン:           21.0.2+13-LTS-58
28-Mar-2024 10:33:42.428 情報 [main] org.apache.catalina.startup.VersionLoggerListener.log JVM ベンダ:               Oracle Corporation
28-Mar-2024 10:33:42.429 情報 [main] org.apache.catalina.startup.VersionLoggerListener.log CATALINA_BASE:            /Users/user/workspace/java/src/apache-tomcat-9.0.65
28-Mar-2024 10:33:42.429 情報 [main] org.apache.catalina.startup.VersionLoggerListener.log CATALINA_HOME:            /Users/user/workspace/java/src/apache-tomcat-9.0.65
28-Mar-2024 10:33:42.451 情報 [main] org.apache.catalina.startup.VersionLoggerListener.log コマンドライン引数:       --add-opens=java.base/java.lang=ALL-UNNAMED
28-Mar-2024 10:33:42.452 情報 [main] org.apache.catalina.startup.VersionLoggerListener.log コマンドライン引数:       --add-opens=java.base/java.io=ALL-UNNAMED
28-Mar-2024 10:33:42.452 情報 [main] org.apache.catalina.startup.VersionLoggerListener.log コマンドライン引数:       --add-opens=java.base/java.util=ALL-UNNAMED
28-Mar-2024 10:33:42.453 情報 [main] org.apache.catalina.startup.VersionLoggerListener.log コマンドライン引数:       --add-opens=java.base/java.util.concurrent=ALL-UNNAMED
28-Mar-2024 10:33:42.453 情報 [main] org.apache.catalina.startup.VersionLoggerListener.log コマンドライン引数:       --add-opens=java.rmi/sun.rmi.transport=ALL-UNNAMED
28-Mar-2024 10:33:42.453 情報 [main] org.apache.catalina.startup.VersionLoggerListener.log コマンドライン引数:       -Djava.util.logging.config.file=/Users/user/workspace/java/src/apache-tomcat-9.0.65/conf/logging.properties
28-Mar-2024 10:33:42.454 情報 [main] org.apache.catalina.startup.VersionLoggerListener.log コマンドライン引数:       -Djava.util.logging.manager=org.apache.juli.ClassLoaderLogManager
28-Mar-2024 10:33:42.454 情報 [main] org.apache.catalina.startup.VersionLoggerListener.log コマンドライン引数:       -Djdk.tls.ephemeralDHKeySize=2048
28-Mar-2024 10:33:42.454 情報 [main] org.apache.catalina.startup.VersionLoggerListener.log コマンドライン引数:       -Djava.protocol.handler.pkgs=org.apache.catalina.webresources
28-Mar-2024 10:33:42.454 情報 [main] org.apache.catalina.startup.VersionLoggerListener.log コマンドライン引数:       -Dorg.apache.catalina.security.SecurityListener.UMASK=0027
28-Mar-2024 10:33:42.455 情報 [main] org.apache.catalina.startup.VersionLoggerListener.log コマンドライン引数:       -Dignore.endorsed.dirs=
28-Mar-2024 10:33:42.455 情報 [main] org.apache.catalina.startup.VersionLoggerListener.log コマンドライン引数:       -Dcatalina.base=/Users/user/workspace/java/src/apache-tomcat-9.0.65
28-Mar-2024 10:33:42.455 情報 [main] org.apache.catalina.startup.VersionLoggerListener.log コマンドライン引数:       -Dcatalina.home=/Users/user/workspace/java/src/apache-tomcat-9.0.65
28-Mar-2024 10:33:42.455 情報 [main] org.apache.catalina.startup.VersionLoggerListener.log コマンドライン引数:       -Djava.io.tmpdir=/Users/user/workspace/java/src/apache-tomcat-9.0.65/temp
28-Mar-2024 10:33:42.480 情報 [main] org.apache.catalina.core.AprLifecycleListener.lifecycleEvent 商用環境に最適な性能を発揮する APR ベースの Tomcat ネイティブライブラリが java.library.path [/Users/user/Library/Java/Extensions:/Library/Java/Extensions:/Network/Library/Java/Extensions:/System/Library/Java/Extensions:/usr/lib/java:.] に存在しません。
28-Mar-2024 10:33:43.323 情報 [main] org.apache.coyote.AbstractProtocol.init プロトコルハンドラ ["http-nio-8080"] を初期化します。
28-Mar-2024 10:33:43.407 情報 [main] org.apache.catalina.startup.Catalina.load サーバーの初期化 [1555]ms
28-Mar-2024 10:33:43.508 情報 [main] org.apache.catalina.core.StandardService.startInternal サービス [Catalina] を起動します
28-Mar-2024 10:33:43.509 情報 [main] org.apache.catalina.core.StandardEngine.startInternal サーブレットエンジンの起動：[Apache Tomcat/9.0.65]
28-Mar-2024 10:33:43.526 情報 [main] org.apache.catalina.startup.HostConfig.deployDirectory Webアプリケーションディレクトリ [/Users/user/workspace/java/src/apache-tomcat-9.0.65/webapps/docs] を配備します
28-Mar-2024 10:33:44.405 情報 [main] org.apache.catalina.startup.HostConfig.deployDirectory ディレクトリ [/Users/user/workspace/java/src/apache-tomcat-9.0.65/webapps/docs] の Web アプリケーションの配備は [874] ms で完了しました。
28-Mar-2024 10:33:44.406 情報 [main] org.apache.catalina.startup.HostConfig.deployDirectory Webアプリケーションディレクトリ [/Users/user/workspace/java/src/apache-tomcat-9.0.65/webapps/manager] を配備します
28-Mar-2024 10:33:44.504 情報 [main] org.apache.catalina.startup.HostConfig.deployDirectory ディレクトリ [/Users/user/workspace/java/src/apache-tomcat-9.0.65/webapps/manager] の Web アプリケーションの配備は [98] ms で完了しました。
28-Mar-2024 10:33:44.505 情報 [main] org.apache.catalina.startup.HostConfig.deployDirectory Webアプリケーションディレクトリ [/Users/user/workspace/java/src/apache-tomcat-9.0.65/webapps/examples] を配備します
28-Mar-2024 10:33:45.057 情報 [main] org.apache.catalina.startup.HostConfig.deployDirectory ディレクトリ [/Users/user/workspace/java/src/apache-tomcat-9.0.65/webapps/examples] の Web アプリケーションの配備は [552] ms で完了しました。
28-Mar-2024 10:33:45.058 情報 [main] org.apache.catalina.startup.HostConfig.deployDirectory Webアプリケーションディレクトリ [/Users/user/workspace/java/src/apache-tomcat-9.0.65/webapps/ROOT] を配備します
28-Mar-2024 10:33:45.102 情報 [main] org.apache.catalina.startup.HostConfig.deployDirectory ディレクトリ [/Users/user/workspace/java/src/apache-tomcat-9.0.65/webapps/ROOT] の Web アプリケーションの配備は [43] ms で完了しました。
28-Mar-2024 10:33:45.102 情報 [main] org.apache.catalina.startup.HostConfig.deployDirectory Webアプリケーションディレクトリ [/Users/user/workspace/java/src/apache-tomcat-9.0.65/webapps/host-manager] を配備します
28-Mar-2024 10:33:45.154 情報 [main] org.apache.catalina.startup.HostConfig.deployDirectory ディレクトリ [/Users/user/workspace/java/src/apache-tomcat-9.0.65/webapps/host-manager] の Web アプリケーションの配備は [51] ms で完了しました。
28-Mar-2024 10:33:45.160 情報 [main] org.apache.coyote.AbstractProtocol.start プロトコルハンドラー ["http-nio-8080"] を開始しました。
28-Mar-2024 10:33:45.186 情報 [main] org.apache.catalina.startup.Catalina.start サーバーの起動 [1776]ms
28-Mar-2024 10:33:58.072 情報 [main] org.apache.catalina.core.StandardServer.await 有効なシャットダウンコマンドがシャットダウンポート経由で受信されました。 サーバーインスタンスを停止します。
28-Mar-2024 10:33:58.074 情報 [main] org.apache.coyote.AbstractProtocol.pause ProtocolHandler ["http-nio-8080"] を一時停止します。
28-Mar-2024 10:33:58.088 情報 [main] org.apache.catalina.core.StandardService.stopInternal サービス [Catalina] を停止します
28-Mar-2024 10:33:58.141 情報 [main] org.apache.coyote.AbstractProtocol.stop ProtocolHandler ["http-nio-8080"]の停止中
28-Mar-2024 10:33:58.151 情報 [main] org.apache.coyote.AbstractProtocol.destroy ProtocolHandler ["http-nio-8080"] を破棄します。
NOTE: Picked up JDK_JAVA_OPTIONS:  --add-opens=java.base/java.lang=ALL-UNNAMED --add-opens=java.base/java.io=ALL-UNNAMED --add-opens=java.base/java.util=ALL-UNNAMED --add-opens=java.base/java.util.concurrent=ALL-UNNAMED --add-opens=java.rmi/sun.rmi.transport=ALL-UNNAMED
28-Mar-2024 10:48:53.635 情報 [main] org.apache.catalina.startup.VersionLoggerListener.log Serverのバージョン名:     Apache Tomcat/9.0.65
28-Mar-2024 10:48:53.646 情報 [main] org.apache.catalina.startup.VersionLoggerListener.log Server ビルド:            Jul 14 2022 12:28:53 UTC
28-Mar-2024 10:48:53.646 情報 [main] org.apache.catalina.startup.VersionLoggerListener.log サーバーのバージョン番号: 9.0.65.0
28-Mar-2024 10:48:53.647 情報 [main] org.apache.catalina.startup.VersionLoggerListener.log OS 名:                    Mac OS X
28-Mar-2024 10:48:53.647 情報 [main] org.apache.catalina.startup.VersionLoggerListener.log OS バージョン:            14.2.1
28-Mar-2024 10:48:53.647 情報 [main] org.apache.catalina.startup.VersionLoggerListener.log アーキテクチャ:           x86_64
28-Mar-2024 10:48:53.648 情報 [main] org.apache.catalina.startup.VersionLoggerListener.log Java Home:                /Library/Java/JavaVirtualMachines/jdk-21.jdk/Contents/Home
28-Mar-2024 10:48:53.648 情報 [main] org.apache.catalina.startup.VersionLoggerListener.log JVM バージョン:           21.0.2+13-LTS-58
28-Mar-2024 10:48:53.648 情報 [main] org.apache.catalina.startup.VersionLoggerListener.log JVM ベンダ:               Oracle Corporation
28-Mar-2024 10:48:53.649 情報 [main] org.apache.catalina.startup.VersionLoggerListener.log CATALINA_BASE:            /Users/user/workspace/java/src/apache-tomcat-9.0.65
28-Mar-2024 10:48:53.649 情報 [main] org.apache.catalina.startup.VersionLoggerListener.log CATALINA_HOME:            /Users/user/workspace/java/src/apache-tomcat-9.0.65
28-Mar-2024 10:48:53.680 情報 [main] org.apache.catalina.startup.VersionLoggerListener.log コマンドライン引数:       --add-opens=java.base/java.lang=ALL-UNNAMED
28-Mar-2024 10:48:53.680 情報 [main] org.apache.catalina.startup.VersionLoggerListener.log コマンドライン引数:       --add-opens=java.base/java.io=ALL-UNNAMED
28-Mar-2024 10:48:53.680 情報 [main] org.apache.catalina.startup.VersionLoggerListener.log コマンドライン引数:       --add-opens=java.base/java.util=ALL-UNNAMED
28-Mar-2024 10:48:53.681 情報 [main] org.apache.catalina.startup.VersionLoggerListener.log コマンドライン引数:       --add-opens=java.base/java.util.concurrent=ALL-UNNAMED
28-Mar-2024 10:48:53.681 情報 [main] org.apache.catalina.startup.VersionLoggerListener.log コマンドライン引数:       --add-opens=java.rmi/sun.rmi.transport=ALL-UNNAMED
28-Mar-2024 10:48:53.681 情報 [main] org.apache.catalina.startup.VersionLoggerListener.log コマンドライン引数:       -Djava.util.logging.config.file=/Users/user/workspace/java/src/apache-tomcat-9.0.65/conf/logging.properties
28-Mar-2024 10:48:53.682 情報 [main] org.apache.catalina.startup.VersionLoggerListener.log コマンドライン引数:       -Djava.util.logging.manager=org.apache.juli.ClassLoaderLogManager
28-Mar-2024 10:48:53.682 情報 [main] org.apache.catalina.startup.VersionLoggerListener.log コマンドライン引数:       -Djdk.tls.ephemeralDHKeySize=2048
28-Mar-2024 10:48:53.682 情報 [main] org.apache.catalina.startup.VersionLoggerListener.log コマンドライン引数:       -Djava.protocol.handler.pkgs=org.apache.catalina.webresources
28-Mar-2024 10:48:53.682 情報 [main] org.apache.catalina.startup.VersionLoggerListener.log コマンドライン引数:       -Dorg.apache.catalina.security.SecurityListener.UMASK=0027
28-Mar-2024 10:48:53.683 情報 [main] org.apache.catalina.startup.VersionLoggerListener.log コマンドライン引数:       -Dignore.endorsed.dirs=
28-Mar-2024 10:48:53.685 情報 [main] org.apache.catalina.startup.VersionLoggerListener.log コマンドライン引数:       -Dcatalina.base=/Users/user/workspace/java/src/apache-tomcat-9.0.65
28-Mar-2024 10:48:53.686 情報 [main] org.apache.catalina.startup.VersionLoggerListener.log コマンドライン引数:       -Dcatalina.home=/Users/user/workspace/java/src/apache-tomcat-9.0.65
28-Mar-2024 10:48:53.686 情報 [main] org.apache.catalina.startup.VersionLoggerListener.log コマンドライン引数:       -Djava.io.tmpdir=/Users/user/workspace/java/src/apache-tomcat-9.0.65/temp
28-Mar-2024 10:48:53.720 情報 [main] org.apache.catalina.core.AprLifecycleListener.lifecycleEvent 商用環境に最適な性能を発揮する APR ベースの Tomcat ネイティブライブラリが java.library.path [/Users/user/Library/Java/Extensions:/Library/Java/Extensions:/Network/Library/Java/Extensions:/System/Library/Java/Extensions:/usr/lib/java:.] に存在しません。
28-Mar-2024 10:48:54.409 情報 [main] org.apache.coyote.AbstractProtocol.init プロトコルハンドラ ["http-nio-8080"] を初期化します。
28-Mar-2024 10:48:54.472 情報 [main] org.apache.catalina.startup.Catalina.load サーバーの初期化 [1288]ms
28-Mar-2024 10:48:54.540 情報 [main] org.apache.catalina.core.StandardService.startInternal サービス [Catalina] を起動します
28-Mar-2024 10:48:54.541 情報 [main] org.apache.catalina.core.StandardEngine.startInternal サーブレットエンジンの起動：[Apache Tomcat/9.0.65]
28-Mar-2024 10:48:54.553 情報 [main] org.apache.catalina.startup.HostConfig.deployDirectory Webアプリケーションディレクトリ [/Users/user/workspace/java/src/apache-tomcat-9.0.65/webapps/docs] を配備します
28-Mar-2024 10:48:55.375 情報 [main] org.apache.catalina.startup.HostConfig.deployDirectory ディレクトリ [/Users/user/workspace/java/src/apache-tomcat-9.0.65/webapps/docs] の Web アプリケーションの配備は [800] ms で完了しました。
28-Mar-2024 10:48:55.376 情報 [main] org.apache.catalina.startup.HostConfig.deployDirectory Webアプリケーションディレクトリ [/Users/user/workspace/java/src/apache-tomcat-9.0.65/webapps/manager] を配備します
28-Mar-2024 10:48:55.499 情報 [main] org.apache.catalina.startup.HostConfig.deployDirectory ディレクトリ [/Users/user/workspace/java/src/apache-tomcat-9.0.65/webapps/manager] の Web アプリケーションの配備は [123] ms で完了しました。
28-Mar-2024 10:48:55.500 情報 [main] org.apache.catalina.startup.HostConfig.deployDirectory Webアプリケーションディレクトリ [/Users/user/workspace/java/src/apache-tomcat-9.0.65/webapps/examples] を配備します
28-Mar-2024 10:48:55.982 情報 [main] org.apache.catalina.startup.HostConfig.deployDirectory ディレクトリ [/Users/user/workspace/java/src/apache-tomcat-9.0.65/webapps/examples] の Web アプリケーションの配備は [482] ms で完了しました。
28-Mar-2024 10:48:55.982 情報 [main] org.apache.catalina.startup.HostConfig.deployDirectory Webアプリケーションディレクトリ [/Users/user/workspace/java/src/apache-tomcat-9.0.65/webapps/ROOT] を配備します
28-Mar-2024 10:48:56.008 情報 [main] org.apache.catalina.startup.HostConfig.deployDirectory ディレクトリ [/Users/user/workspace/java/src/apache-tomcat-9.0.65/webapps/ROOT] の Web アプリケーションの配備は [25] ms で完了しました。
28-Mar-2024 10:48:56.008 情報 [main] org.apache.catalina.startup.HostConfig.deployDirectory Webアプリケーションディレクトリ [/Users/user/workspace/java/src/apache-tomcat-9.0.65/webapps/host-manager] を配備します
28-Mar-2024 10:48:56.036 情報 [main] org.apache.catalina.startup.HostConfig.deployDirectory ディレクトリ [/Users/user/workspace/java/src/apache-tomcat-9.0.65/webapps/host-manager] の Web アプリケーションの配備は [28] ms で完了しました。
28-Mar-2024 10:48:56.040 情報 [main] org.apache.coyote.AbstractProtocol.start プロトコルハンドラー ["http-nio-8080"] を開始しました。
28-Mar-2024 10:48:56.062 情報 [main] org.apache.catalina.startup.Catalina.start サーバーの起動 [1587]ms
28-Mar-2024 10:49:10.695 情報 [main] org.apache.catalina.core.StandardServer.await 有効なシャットダウンコマンドがシャットダウンポート経由で受信されました。 サーバーインスタンスを停止します。
28-Mar-2024 10:49:10.696 情報 [main] org.apache.coyote.AbstractProtocol.pause ProtocolHandler ["http-nio-8080"] を一時停止します。
28-Mar-2024 10:49:10.704 情報 [main] org.apache.catalina.core.StandardService.stopInternal サービス [Catalina] を停止します
28-Mar-2024 10:49:10.744 情報 [main] org.apache.coyote.AbstractProtocol.stop ProtocolHandler ["http-nio-8080"]の停止中
28-Mar-2024 10:49:10.754 情報 [main] org.apache.coyote.AbstractProtocol.destroy ProtocolHandler ["http-nio-8080"] を破棄します。
